PLUMED: PLUMED is starting
PLUMED: Version: 2.7.0-dev (git: 8432eba) compiled on Nov 12 2019 at 21:49:43
PLUMED: Please cite these papers when using PLUMED [1][2]
PLUMED: For further information see the PLUMED web page at http://www.plumed.org
PLUMED: Root: /home/ppiaggi/Programs/Plumed/plumed-install-intel/lib/plumed
PLUMED: For installed feature, see /home/ppiaggi/Programs/Plumed/plumed-install-intel/lib/plumed/src/config/config.txt
PLUMED: Molecular dynamics engine: LAMMPS
PLUMED: Precision of reals: 8
PLUMED: Running over 1 node
PLUMED: Number of threads: 20
PLUMED: Cache line size: 512
PLUMED: Number of atoms: 864
PLUMED: GROMACS-like replica exchange is on
PLUMED: File suffix: .0
PLUMED: FILE: plumed.dat
PLUMED: Action RESTART
PLUMED:   with label @0
PLUMED:   MD code didn't require restart
PLUMED:   Switching on restart
PLUMED:   Restarting simulation: files will be appended
PLUMED: Action VOLUME
PLUMED:   with label vol
PLUMED: Action REFCV
PLUMED:   with label refcv
PLUMED:   number of templates 4
PLUMED:   number of vectors per template 17
PLUMED:   targeting the CUSTOM crystal structure
PLUMED:   representing local density as a sum of Gaussians with standard deviation 0.055000
PLUMED:   maximum distance in the template is 0.458490
PLUMED:   using a lambda value of 100.000000
PLUMED:   keyword SPECIES takes atoms : 1 4 7 10 13 16 19 22 25 28 31 34 37 40 43 46 49 52 55 58 61 64 67 70 73 76 79 82 85 88 91 94 97 100 103 106 109 112 115 118 121 124 127 130 133 136 139 142 145 148 151 154 157 160 163 166 169 172 175 178 181 184 187 190 193 196 199 202 205 208 211 214 217 220 223 226 229 232 235 238 241 244 247 250 253 256 259 262 265 268 271 274 277 280 283 286 289 292 295 298 301 304 307 310 313 316 319 322 325 328 331 334 337 340 343 346 349 352 355 358 361 364 367 370 373 376 379 382 385 388 391 394 397 400 403 406 409 412 415 418 421 424 427 430 433 436 439 442 445 448 451 454 457 460 463 466 469 472 475 478 481 484 487 490 493 496 499 502 505 508 511 514 517 520 523 526 529 532 535 538 541 544 547 550 553 556 559 562 565 568 571 574 577 580 583 586 589 592 595 598 601 604 607 610 613 616 619 622 625 628 631 634 637 640 643 646 649 652 655 658 661 664 667 670 673 676 679 682 685 688 691 694 697 700 703 706 709 712 715 718 721 724 727 730 733 736 739 742 745 748 751 754 757 760 763 766 769 772 775 778 781 784 787 790 793 796 799 802 805 808 811 814 817 820 823 826 829 832 835 838 841 844 847 850 853 856 859 862 
PLUMED:   added component to this action:  refcv.mean 
PLUMED:   value refcv.mean is obtained by taking the 1th component and finding the mean value
PLUMED:   added component to this action:  refcv.morethan 
PLUMED:   value refcv.morethan is obtained by taking the 1th component and finding the number of values more than 0.5.  Using rational switching function with parameters d0=0 nn=12 mm=24
PLUMED: Action BF_LEGENDRE
PLUMED:   with label bf1
PLUMED:   One-dimensional basis set
PLUMED:    Description: Legendre polynomials
PLUMED:    Type: Legendre
PLUMED:    Order of basis set: 20
PLUMED:    Number of basis functions: 21
PLUMED:    Interval of basis set: 0.0 to 288.0
PLUMED:    Description of basis functions:
PLUMED:      0            L0(s)
PLUMED:      1            L1(s)
PLUMED:      2            L2(s)
PLUMED:      3            L3(s)
PLUMED:      4            L4(s)
PLUMED:      5            L5(s)
PLUMED:      6            L6(s)
PLUMED:      7            L7(s)
PLUMED:      8            L8(s)
PLUMED:      9            L9(s)
PLUMED:     10           L10(s)
PLUMED:     11           L11(s)
PLUMED:     12           L12(s)
PLUMED:     13           L13(s)
PLUMED:     14           L14(s)
PLUMED:     15           L15(s)
PLUMED:     16           L16(s)
PLUMED:     17           L17(s)
PLUMED:     18           L18(s)
PLUMED:     19           L19(s)
PLUMED:     20           L20(s)
PLUMED: Action TD_WELLTEMPERED
PLUMED:   with label td_welltemp
PLUMED:   Well-tempered target distribution, see and cite [3][4]
PLUMED: Action VES_LINEAR_EXPANSION
PLUMED:   with label b1
PLUMED:   with arguments refcv.morethan
PLUMED:   added component to this action:  b1.bias 
PLUMED:   VES bias, please read and cite [5]
PLUMED:   KbT: 2.328049
PLUMED:   using target distribution of type TD_WELLTEMPERED with label td_welltemp 
PLUMED:   added component to this action:  b1.force2 
PLUMED: Action OPT_DUMMY
PLUMED:   with label o1
PLUMED:   with stride 500
PLUMED:   optimizing VES bias VES_LINEAR_EXPANSION with label b1: 
PLUMED:    KbT: 2.328049
PLUMED:   number of coefficients: 21
PLUMED:   optimization performed using multiple walkers connected via MPI:
PLUMED:    number of walkers: 4
PLUMED:    walker number: 0
PLUMED:    please see and cite [6]
PLUMED:   Read in coefficients from file coeffs.data (read 21 of 21 values)
PLUMED:   Optimization restarted at iteration 101300
PLUMED:   Coefficients will be written out to file coeffs.data every 100 iterations
PLUMED:   Output Components:
PLUMED:    fake optimizer that does not update coefficients
PLUMED:   can be used to monitor gradient and Hessian for debugging purposes
PLUMED: Action REFCV
PLUMED:   with label refcv2
PLUMED:   number of templates 2
PLUMED:   number of vectors per template 16
PLUMED:   targeting the CUSTOM crystal structure
PLUMED:   representing local density as a sum of Gaussians with standard deviation 0.055000
PLUMED:   maximum distance in the template is 0.458629
PLUMED:   using a lambda value of 100.000000
PLUMED:   keyword SPECIES takes atoms : 1 4 7 10 13 16 19 22 25 28 31 34 37 40 43 46 49 52 55 58 61 64 67 70 73 76 79 82 85 88 91 94 97 100 103 106 109 112 115 118 121 124 127 130 133 136 139 142 145 148 151 154 157 160 163 166 169 172 175 178 181 184 187 190 193 196 199 202 205 208 211 214 217 220 223 226 229 232 235 238 241 244 247 250 253 256 259 262 265 268 271 274 277 280 283 286 289 292 295 298 301 304 307 310 313 316 319 322 325 328 331 334 337 340 343 346 349 352 355 358 361 364 367 370 373 376 379 382 385 388 391 394 397 400 403 406 409 412 415 418 421 424 427 430 433 436 439 442 445 448 451 454 457 460 463 466 469 472 475 478 481 484 487 490 493 496 499 502 505 508 511 514 517 520 523 526 529 532 535 538 541 544 547 550 553 556 559 562 565 568 571 574 577 580 583 586 589 592 595 598 601 604 607 610 613 616 619 622 625 628 631 634 637 640 643 646 649 652 655 658 661 664 667 670 673 676 679 682 685 688 691 694 697 700 703 706 709 712 715 718 721 724 727 730 733 736 739 742 745 748 751 754 757 760 763 766 769 772 775 778 781 784 787 790 793 796 799 802 805 808 811 814 817 820 823 826 829 832 835 838 841 844 847 850 853 856 859 862 
PLUMED:   added component to this action:  refcv2.mean 
PLUMED:   value refcv2.mean is obtained by taking the 1th component and finding the mean value
PLUMED:   added component to this action:  refcv2.morethan 
PLUMED:   value refcv2.morethan is obtained by taking the 1th component and finding the number of values more than 0.5.  Using rational switching function with parameters d0=0 nn=12 mm=24
PLUMED: Action MATHEVAL
PLUMED:   with label diff
PLUMED:   with arguments refcv2.mean refcv.mean
PLUMED:   with function : ((x-0.26)/(0.58-0.26)-(y-0.29)/(0.80-0.29))
PLUMED:   with variables : x y
PLUMED:   function as parsed by lepton: (3.125*(-0.26+(x)))-(1.96078*(-0.29+(y)))
PLUMED:   derivatives as computed by lepton:
PLUMED:     3.125
PLUMED:     -1.96078
PLUMED: Action UPPER_WALLS
PLUMED:   with label uwall
PLUMED:   with arguments diff
PLUMED:   added component to this action:  uwall.bias 
PLUMED:   at 0.040000
PLUMED:   with an offset 0.000000
PLUMED:   with force constant 100000.000000
PLUMED:   and exponent 2.000000
PLUMED:   rescaled 1.000000
PLUMED:   added component to this action:  uwall.force2 
PLUMED: Action Q6
PLUMED:   with label q6
PLUMED:   Steinhardt parameter of central atom and those within 0.05.  Using cubic switching function with parameters d0=0.3 dmax=0.35
PLUMED:   Bibliography [7]
PLUMED:   keyword SPECIES takes atoms : 1 4 7 10 13 16 19 22 25 28 31 34 37 40 43 46 49 52 55 58 61 64 67 70 73 76 79 82 85 88 91 94 97 100 103 106 109 112 115 118 121 124 127 130 133 136 139 142 145 148 151 154 157 160 163 166 169 172 175 178 181 184 187 190 193 196 199 202 205 208 211 214 217 220 223 226 229 232 235 238 241 244 247 250 253 256 259 262 265 268 271 274 277 280 283 286 289 292 295 298 301 304 307 310 313 316 319 322 325 328 331 334 337 340 343 346 349 352 355 358 361 364 367 370 373 376 379 382 385 388 391 394 397 400 403 406 409 412 415 418 421 424 427 430 433 436 439 442 445 448 451 454 457 460 463 466 469 472 475 478 481 484 487 490 493 496 499 502 505 508 511 514 517 520 523 526 529 532 535 538 541 544 547 550 553 556 559 562 565 568 571 574 577 580 583 586 589 592 595 598 601 604 607 610 613 616 619 622 625 628 631 634 637 640 643 646 649 652 655 658 661 664 667 670 673 676 679 682 685 688 691 694 697 700 703 706 709 712 715 718 721 724 727 730 733 736 739 742 745 748 751 754 757 760 763 766 769 772 775 778 781 784 787 790 793 796 799 802 805 808 811 814 817 820 823 826 829 832 835 838 841 844 847 850 853 856 859 862 
PLUMED:   added component to this action:  q6.vmean 
PLUMED:   value q6.vmean is obtained by taking the 1th component and finding the norm of the mean vector
PLUMED: Action MATHEVAL
PLUMED:   with label diff2
PLUMED:   with arguments q6.vmean refcv.mean
PLUMED:   with function : ((x-0.0668781995)/(0.39184059-0.0668781995)-(y-0.2899390548628429)/(0.7838534089775562-0.2899390548628429))
PLUMED:   with variables : x y
PLUMED:   function as parsed by lepton: (3.07728*(-0.0668782+(x)))-(2.02464*(-0.289939+(y)))
PLUMED:   derivatives as computed by lepton:
PLUMED:     3.07728
PLUMED:     -2.02464
PLUMED: Action UPPER_WALLS
PLUMED:   with label uwall2
PLUMED:   with arguments diff2
PLUMED:   added component to this action:  uwall2.bias 
PLUMED:   at 0.060000
PLUMED:   with an offset 0.000000
PLUMED:   with force constant 50000.000000
PLUMED:   and exponent 2.000000
PLUMED:   rescaled 1.000000
PLUMED:   added component to this action:  uwall2.force2 
PLUMED: Action PRINT
PLUMED:   with label @13
PLUMED:   with stride 500
PLUMED:   with arguments vol refcv.mean refcv.morethan b1.bias b1.force2 refcv2.mean refcv2.morethan diff uwall.bias uwall.force2 q6.vmean diff2 uwall2.bias uwall2.force2
PLUMED:   on file COLVAR
PLUMED:   with format  %f
PLUMED: END FILE: plumed.dat
PLUMED: Timestep: 0.002000
PLUMED: KbT has not been set by the MD engine
PLUMED: It should be set by hand where needed
PLUMED: Relevant bibliography:
PLUMED:   [1] The PLUMED consortium, Nat. Methods 16, 670 (2019)
PLUMED:   [2] Tribello, Bonomi, Branduardi, Camilloni, and Bussi, Comput. Phys. Commun. 185, 604 (2014)
PLUMED:   [3] Valsson and Parrinello, J. Chem. Theory Comput. 11, 1996-2002 (2015)
PLUMED:   [4] Barducci, Bussi, and Parrinello, Phys. Rev. Lett. 100, 020603 (2008)
PLUMED:   [5] Valsson and Parrinello, Phys. Rev. Lett. 113, 090601 (2014)
PLUMED:   [6] Raiteri, Laio, Gervasio, Micheletti, and Parrinello, J. Phys. Chem. B 110, 3533 (2006)
PLUMED:   [7] Tribello, Giberti, Sosso, Salvalaglio and Parrinello, J. Chem. Theory Comput. 13, 1317 (2017)
PLUMED: Please read and cite where appropriate!
PLUMED: Finished setup
PLUMED:                                               Cycles        Total      Average      Minumum      Maximum
PLUMED:                                                    1  5934.371164  5934.371164  5934.371164  5934.371164
PLUMED: 1 Prepare dependencies                       1037001     3.263906     0.000003     0.000002     0.000070
PLUMED: 2 Sharing data                               1037001    81.060406     0.000078     0.000056     0.001942
PLUMED: 3 Waiting for data                           1037001     7.770981     0.000007     0.000006     0.000096
PLUMED: 4 Calculating (forward loop)                 1037001  5326.087867     0.005136     0.004846     0.128666
PLUMED: 5 Applying (backward loop)                   1037001    59.630424     0.000058     0.000043     0.036989
PLUMED: 6 Update                                     1037001   417.550598     0.000403     0.000002     0.475482
